2019-07-22 00:03:29.390 ERROR 36460 --- [http-nio-9060-exec-9] c.l.c.exception.DefaultExceptionHandler  : 运行时异常:

org.springframework.web.bind.MissingServletRequestParameterException: Required Long parameter 'roleId' is not present
	at org.springframework.web.method.annotation.RequestParamMethodArgumentResolver.handleMissingValue(RequestParamMethodArgumentResolver.java:202)
	at org.springframework.web.method.annotation.AbstractNamedValueMethodArgumentResolver.resolveArgument(AbstractNamedValueMethodArgumentResolver.java:113)
	at org.springframework.web.method.support.HandlerMethodArgumentResolverComposite.resolveArgument(HandlerMethodArgumentResolverComposite.java:126)
	at org.springframework.web.method.support.InvocableHandlerMethod.getMethodArgumentValues(InvocableHandlerMethod.java:166)
	at org.springframework.web.method.support.InvocableHandlerMethod.invokeForRequest(InvocableHandlerMethod.java:134)
	at org.springframework.web.servlet.mvc.method.annotation.ServletInvocableHandlerMethod.invokeAndHandle(ServletInvocableHandlerMethod.java:102)
	at org.springframework.web.servlet.mvc.method.annotation.RequestMappingHandlerAdapter.invokeHandlerMethod(RequestMappingHandlerAdapter.java:895)
	at org.springframework.web.servlet.mvc.method.annotation.RequestMappingHandlerAdapter.handleInternal(RequestMappingHandlerAdapter.java:800)
	at org.springframework.web.servlet.mvc.method.AbstractHandlerMethodAdapter.handle(AbstractHandlerMethodAdapter.java:87)
	at org.springframework.web.servlet.DispatcherServlet.doDispatch(DispatcherServlet.java:1038)
	at org.springframework.web.servlet.DispatcherServlet.doService(DispatcherServlet.java:942)
	at org.springframework.web.servlet.FrameworkServlet.processRequest(FrameworkServlet.java:1005)
	at org.springframework.web.servlet.FrameworkServlet.doPost(FrameworkServlet.java:908)
	at javax.servlet.http.HttpServlet.service(HttpServlet.java:665)
	at org.springframework.web.servlet.FrameworkServlet.service(FrameworkServlet.java:882)
	at javax.servlet.http.HttpServlet.service(HttpServlet.java:750)
	at org.apache.catalina.core.ApplicationFilterChain.internalDoFilter(ApplicationFilterChain.java:231)
	at org.apache.catalina.core.ApplicationFilterChain.doFilter(ApplicationFilterChain.java:166)
	at org.apache.tomcat.websocket.server.WsFilter.doFilter(WsFilter.java:53)
	at org.apache.catalina.core.ApplicationFilterChain.internalDoFilter(ApplicationFilterChain.java:193)
	at org.apache.catalina.core.ApplicationFilterChain.doFilter(ApplicationFilterChain.java:166)
	at org.apache.shiro.web.servlet.ProxiedFilterChain.doFilter(ProxiedFilterChain.java:61)
	at org.apache.shiro.web.servlet.AdviceFilter.executeChain(AdviceFilter.java:108)
	at org.apache.shiro.web.servlet.AdviceFilter.doFilterInternal(AdviceFilter.java:137)
	at org.apache.shiro.web.servlet.OncePerRequestFilter.doFilter(OncePerRequestFilter.java:125)
	at org.apache.shiro.web.servlet.ProxiedFilterChain.doFilter(ProxiedFilterChain.java:66)
	at org.apache.shiro.web.servlet.AbstractShiroFilter.executeChain(AbstractShiroFilter.java:449)
	at org.apache.shiro.web.servlet.AbstractShiroFilter$1.call(AbstractShiroFilter.java:365)
	at org.apache.shiro.subject.support.SubjectCallable.doCall(SubjectCallable.java:90)
	at org.apache.shiro.subject.support.SubjectCallable.call(SubjectCallable.java:83)
	at org.apache.shiro.subject.support.DelegatingSubject.execute(DelegatingSubject.java:387)
	at org.apache.shiro.web.servlet.AbstractShiroFilter.doFilterInternal(AbstractShiroFilter.java:362)
	at org.apache.shiro.web.servlet.OncePerRequestFilter.doFilter(OncePerRequestFilter.java:125)
	at org.apache.catalina.core.ApplicationFilterChain.internalDoFilter(ApplicationFilterChain.java:193)
	at org.apache.catalina.core.ApplicationFilterChain.doFilter(ApplicationFilterChain.java:166)
	at cn.locker.core.xss.XssFilter.doFilter(XssFilter.java:31)
	at org.apache.catalina.core.ApplicationFilterChain.internalDoFilter(ApplicationFilterChain.java:193)
	at org.apache.catalina.core.ApplicationFilterChain.doFilter(ApplicationFilterChain.java:166)
	at com.alibaba.druid.support.http.WebStatFilter.doFilter(WebStatFilter.java:123)
	at org.apache.catalina.core.ApplicationFilterChain.internalDoFilter(ApplicationFilterChain.java:193)
	at org.apache.catalina.core.ApplicationFilterChain.doFilter(ApplicationFilterChain.java:166)
	at org.springframework.boot.actuate.web.trace.servlet.HttpTraceFilter.doFilterInternal(HttpTraceFilter.java:90)
	at org.springframework.web.filter.OncePerRequestFilter.doFilter(OncePerRequestFilter.java:107)
	at org.apache.catalina.core.ApplicationFilterChain.internalDoFilter(ApplicationFilterChain.java:193)
	at org.apache.catalina.core.ApplicationFilterChain.doFilter(ApplicationFilterChain.java:166)
	at org.springframework.web.filter.RequestContextFilter.doFilterInternal(RequestContextFilter.java:99)
	at org.springframework.web.filter.OncePerRequestFilter.doFilter(OncePerRequestFilter.java:107)
	at org.apache.catalina.core.ApplicationFilterChain.internalDoFilter(ApplicationFilterChain.java:193)
	at org.apache.catalina.core.ApplicationFilterChain.doFilter(ApplicationFilterChain.java:166)
	at org.springframework.web.filter.FormContentFilter.doFilterInternal(FormContentFilter.java:92)
	at org.springframework.web.filter.OncePerRequestFilter.doFilter(OncePerRequestFilter.java:107)
	at org.apache.catalina.core.ApplicationFilterChain.internalDoFilter(ApplicationFilterChain.java:193)
	at org.apache.catalina.core.ApplicationFilterChain.doFilter(ApplicationFilterChain.java:166)
	at org.springframework.web.filter.HiddenHttpMethodFilter.doFilterInternal(HiddenHttpMethodFilter.java:93)
	at org.springframework.web.filter.OncePerRequestFilter.doFilter(OncePerRequestFilter.java:107)
	at org.apache.catalina.core.ApplicationFilterChain.internalDoFilter(ApplicationFilterChain.java:193)
	at org.apache.catalina.core.ApplicationFilterChain.doFilter(ApplicationFilterChain.java:166)
	at org.springframework.boot.actuate.metrics.web.servlet.WebMvcMetricsFilter.filterAndRecordMetrics(WebMvcMetricsFilter.java:117)
	at org.springframework.boot.actuate.metrics.web.servlet.WebMvcMetricsFilter.doFilterInternal(WebMvcMetricsFilter.java:106)
	at org.springframework.web.filter.OncePerRequestFilter.doFilter(OncePerRequestFilter.java:107)
	at org.apache.catalina.core.ApplicationFilterChain.internalDoFilter(ApplicationFilterChain.java:193)
	at org.apache.catalina.core.ApplicationFilterChain.doFilter(ApplicationFilterChain.java:166)
	at org.springframework.web.filter.CharacterEncodingFilter.doFilterInternal(CharacterEncodingFilter.java:200)
	at org.springframework.web.filter.OncePerRequestFilter.doFilter(OncePerRequestFilter.java:107)
	at org.apache.catalina.core.ApplicationFilterChain.internalDoFilter(ApplicationFilterChain.java:193)
	at org.apache.catalina.core.ApplicationFilterChain.doFilter(ApplicationFilterChain.java:166)
	at org.apache.catalina.core.StandardWrapperValve.invoke(StandardWrapperValve.java:199)
	at org.apache.catalina.core.StandardContextValve.invoke(StandardContextValve.java:96)
	at org.apache.catalina.authenticator.AuthenticatorBase.invoke(AuthenticatorBase.java:490)
	at org.apache.catalina.core.StandardHostValve.invoke(StandardHostValve.java:139)
	at org.apache.catalina.valves.ErrorReportValve.invoke(ErrorReportValve.java:92)
	at org.apache.catalina.core.StandardEngineValve.invoke(StandardEngineValve.java:74)
	at org.apache.catalina.connector.CoyoteAdapter.service(CoyoteAdapter.java:343)
	at org.apache.coyote.http11.Http11Processor.service(Http11Processor.java:408)
	at org.apache.coyote.AbstractProcessorLight.process(AbstractProcessorLight.java:66)
	at org.apache.coyote.AbstractProtocol$ConnectionHandler.process(AbstractProtocol.java:791)
	at org.apache.tomcat.util.net.NioEndpoint$SocketProcessor.doRun(NioEndpoint.java:1417)
	at org.apache.tomcat.util.net.SocketProcessorBase.run(SocketProcessorBase.java:49)
	at java.util.concurrent.ThreadPoolExecutor.runWorker(Unknown Source)
	at java.util.concurrent.ThreadPoolExecutor$Worker.run(Unknown Source)
	at org.apache.tomcat.util.threads.TaskThread$WrappingRunnable.run(TaskThread.java:61)
	at java.lang.Thread.run(Unknown Source)

2019-07-22 00:03:29.398  WARN 36460 --- [http-nio-9060-exec-9] .m.m.a.ExceptionHandlerExceptionResolver : Resolved [org.springframework.web.bind.MissingServletRequestParameterException: Required Long parameter 'roleId' is not present]
2019-07-22 00:04:10.603  INFO 36460 --- [SessionValidationThread-1] a.s.s.m.AbstractValidatingSessionManager : Validating all active sessions...
2019-07-22 00:04:10.603  INFO 36460 --- [SessionValidationThread-1] a.s.s.m.AbstractValidatingSessionManager : Finished session validation.  No sessions were stopped.
2019-07-22 00:09:32.753  INFO 36460 --- [SessionValidationThread-1] a.s.s.m.AbstractValidatingSessionManager : Validating all active sessions...
2019-07-22 00:09:32.754  INFO 36460 --- [SessionValidationThread-1] a.s.s.m.AbstractValidatingSessionManager : Finished session validation.  [1] sessions were stopped.
2019-07-22 00:11:33.003  INFO 36460 --- [SessionValidationThread-1] a.s.s.m.AbstractValidatingSessionManager : Validating all active sessions...
2019-07-22 00:11:33.003  INFO 36460 --- [SessionValidationThread-1] a.s.s.m.AbstractValidatingSessionManager : Finished session validation.  No sessions were stopped.
2019-07-22 00:19:10.603  INFO 36460 --- [SessionValidationThread-1] a.s.s.m.AbstractValidatingSessionManager : Validating all active sessions...
2019-07-22 00:19:10.603  INFO 36460 --- [SessionValidationThread-1] a.s.s.m.AbstractValidatingSessionManager : Finished session validation.  No sessions were stopped.
2019-07-22 00:24:32.753  INFO 36460 --- [SessionValidationThread-1] a.s.s.m.AbstractValidatingSessionManager : Validating all active sessions...
2019-07-22 00:24:32.753  INFO 36460 --- [SessionValidationThread-1] a.s.s.m.AbstractValidatingSessionManager : Finished session validation.  No sessions were stopped.
2019-07-22 00:26:33.001  INFO 36460 --- [SessionValidationThread-1] a.s.s.m.AbstractValidatingSessionManager : Validating all active sessions...
2019-07-22 00:26:33.001  INFO 36460 --- [SessionValidationThread-1] a.s.s.m.AbstractValidatingSessionManager : Finished session validation.  No sessions were stopped.
2019-07-22 00:34:10.603  INFO 36460 --- [SessionValidationThread-1] a.s.s.m.AbstractValidatingSessionManager : Validating all active sessions...
2019-07-22 00:34:10.603  INFO 36460 --- [SessionValidationThread-1] a.s.s.m.AbstractValidatingSessionManager : Finished session validation.  No sessions were stopped.
2019-07-22 00:39:32.753  INFO 36460 --- [SessionValidationThread-1] a.s.s.m.AbstractValidatingSessionManager : Validating all active sessions...
2019-07-22 00:39:32.753  INFO 36460 --- [SessionValidationThread-1] a.s.s.m.AbstractValidatingSessionManager : Finished session validation.  No sessions were stopped.
2019-07-22 00:41:33.003  INFO 36460 --- [SessionValidationThread-1] a.s.s.m.AbstractValidatingSessionManager : Validating all active sessions...
2019-07-22 00:41:33.003  INFO 36460 --- [SessionValidationThread-1] a.s.s.m.AbstractValidatingSessionManager : Finished session validation.  [1] sessions were stopped.
2019-07-22 00:49:10.602  INFO 36460 --- [SessionValidationThread-1] a.s.s.m.AbstractValidatingSessionManager : Validating all active sessions...
2019-07-22 00:49:10.602  INFO 36460 --- [SessionValidationThread-1] a.s.s.m.AbstractValidatingSessionManager : Finished session validation.  No sessions were stopped.
2019-07-22 00:54:32.753  INFO 36460 --- [SessionValidationThread-1] a.s.s.m.AbstractValidatingSessionManager : Validating all active sessions...
2019-07-22 00:54:32.753  INFO 36460 --- [SessionValidationThread-1] a.s.s.m.AbstractValidatingSessionManager : Finished session validation.  No sessions were stopped.
2019-07-22 00:56:33.002  INFO 36460 --- [SessionValidationThread-1] a.s.s.m.AbstractValidatingSessionManager : Validating all active sessions...
2019-07-22 00:56:33.002  INFO 36460 --- [SessionValidationThread-1] a.s.s.m.AbstractValidatingSessionManager : Finished session validation.  No sessions were stopped.
2019-07-22 01:04:10.602  INFO 36460 --- [SessionValidationThread-1] a.s.s.m.AbstractValidatingSessionManager : Validating all active sessions...
2019-07-22 01:04:10.602  INFO 36460 --- [SessionValidationThread-1] a.s.s.m.AbstractValidatingSessionManager : Finished session validation.  No sessions were stopped.
2019-07-22 01:09:32.752  INFO 36460 --- [SessionValidationThread-1] a.s.s.m.AbstractValidatingSessionManager : Validating all active sessions...
2019-07-22 01:09:32.752  INFO 36460 --- [SessionValidationThread-1] a.s.s.m.AbstractValidatingSessionManager : Finished session validation.  No sessions were stopped.
2019-07-22 01:11:33.001  INFO 36460 --- [SessionValidationThread-1] a.s.s.m.AbstractValidatingSessionManager : Validating all active sessions...
2019-07-22 01:11:33.001  INFO 36460 --- [SessionValidationThread-1] a.s.s.m.AbstractValidatingSessionManager : Finished session validation.  No sessions were stopped.
2019-07-22 01:19:10.604  INFO 36460 --- [SessionValidationThread-1] a.s.s.m.AbstractValidatingSessionManager : Validating all active sessions...
2019-07-22 01:19:10.604  INFO 36460 --- [SessionValidationThread-1] a.s.s.m.AbstractValidatingSessionManager : Finished session validation.  No sessions were stopped.
2019-07-22 01:24:32.752  INFO 36460 --- [SessionValidationThread-1] a.s.s.m.AbstractValidatingSessionManager : Validating all active sessions...
2019-07-22 01:24:32.752  INFO 36460 --- [SessionValidationThread-1] a.s.s.m.AbstractValidatingSessionManager : Finished session validation.  No sessions were stopped.
2019-07-22 01:26:33.003  INFO 36460 --- [SessionValidationThread-1] a.s.s.m.AbstractValidatingSessionManager : Validating all active sessions...
2019-07-22 01:26:33.003  INFO 36460 --- [SessionValidationThread-1] a.s.s.m.AbstractValidatingSessionManager : Finished session validation.  No sessions were stopped.
